c:\myproject\game\client\x64\debug\vc143.pdb
c:\myproject\game\client\x64\debug\vc143.idb
c:\myproject\game\client\x64\debug\npc_witch.obj
c:\myproject\game\client\x64\debug\ui.obj
c:\myproject\game\client\x64\debug\townscene.obj
c:\myproject\game\client\x64\debug\npc_wizard.obj
c:\myproject\game\client\x64\debug\npc_ogre.obj
c:\myproject\game\client\x64\debug\hud.obj
c:\myproject\game\client\x64\debug\highwarlockswapskill.obj
c:\myproject\game\client\x64\debug\abyssmeteor.obj
c:\myproject\game\client\x64\debug\walkstate.obj
c:\myproject\game\client\x64\debug\toolscene.obj
c:\myproject\game\client\x64\debug\titlescene.obj
c:\myproject\game\client\x64\debug\playerstate.obj
c:\myproject\game\client\x64\debug\playermovescript.obj
c:\myproject\game\client\x64\debug\playerhealthbarshowscript.obj
c:\myproject\game\client\x64\debug\jumprisestate.obj
c:\myproject\game\client\x64\debug\jumpfallstate.obj
c:\myproject\game\client\x64\debug\jumpattackstate.obj
c:\myproject\game\client\x64\debug\idlestate.obj
c:\myproject\game\client\x64\debug\globaleffectsettingscript.obj
c:\myproject\game\client\x64\debug\dashstate.obj
c:\myproject\game\client\x64\debug\client.obj
c:\myproject\game\client\x64\debug\attackbstate.obj
c:\myproject\game\client\x64\debug\attackastate.obj
c:\myproject\game\client\x64\debug\application.obj
c:\myproject\game\client\x64\debug\swapstate.obj
c:\myproject\game\client\x64\debug\skulthumnailhud.obj
c:\myproject\game\client\x64\debug\skillboxhud.obj
c:\myproject\game\client\x64\debug\player.obj
c:\myproject\game\client\x64\debug\littlebone.obj
c:\myproject\game\client\x64\debug\highwarlock.obj
c:\myproject\game\client\x64\debug\afterimagedrawscript.obj
c:\myproject\game\client\x64\debug\abyssmeteorskill.obj
c:\myproject\game\client\x64\debug\rotateheadscript.obj
c:\myproject\game\client\x64\debug\playertrackingscript.obj
c:\myproject\game\client\x64\debug\monster.obj
c:\myproject\game\client\x64\debug\cameramovescript.obj
c:\myproject\game\client\x64\debug\skullthrowskill.obj
c:\myproject\game\client\x64\debug\skul.obj
c:\myproject\game\client\x64\debug\highwarlockchargingscript.obj
c:\myproject\game\client\x64\debug\healthbarhud.obj
c:\myproject\game\client\x64\debug\globaleffect.obj
c:\myproject\game\client\x64\debug\dialogueui.obj
c:\myproject\game\client\x64\debug\chargingstate.obj
c:\myproject\game\client\x64\debug\camerafadeinoutscript.obj
c:\myproject\game\client\x64\debug\backgroundmovescript.obj
c:\myproject\game\client\x64\debug\afterimage.obj
c:\myproject\game\client\x64\debug\playerinterfacehud.obj
c:\myproject\game\client\x64\debug\playerfirstskillshowscript.obj
c:\myproject\game\client\x64\debug\pathstate.obj
c:\myproject\game\client\x64\debug\objectfadeinoutscript.obj
c:\myproject\game\client\x64\debug\npc_wolf.obj
c:\myproject\game\client\x64\debug\littleboneswapskill.obj
c:\myproject\game\client\x64\debug\littlebonehead.obj
c:\myproject\game\client\x64\debug\interfaceeffect.obj
c:\myproject\game\client\x64\debug\interface.obj
c:\myproject\game\client\x64\debug\tile.obj
c:\myproject\game\client\x64\debug\statemachine.obj
c:\myproject\game\client\x64\debug\skillstate.obj
c:\myproject\game\client\x64\debug\playerskulthumnailscript.obj
c:\myproject\game\client\x64\debug\playerprojectile.obj
c:\myproject\game\client\x64\debug\skulskill.obj
c:\myproject\game\client\x64\debug\juniorknight.obj
c:\myproject\game\client\x64\debug\attackstate.obj
c:\myproject\game\client\x64\debug\littleboneattack.obj
c:\myproject\game\client\x64\debug\skulattack.obj
c:\myproject\game\client\x64\debug\animationglobaleffect.obj
c:\myproject\game\client\x64\debug\particle.obj
c:\myproject\game\client\x64\debug\monsterhud.obj
c:\myproject\game\client\x64\debug\monsterhphud.obj
c:\myproject\game\client\x64\debug\monsterhealthbarshowscript.obj
c:\myproject\game\client\x64\debug\animationlocaleffect.obj
c:\myproject\game\client\x64\debug\highwarlockattack.obj
c:\myproject\game\client\x64\debug\highwarlockbaseprojectile.obj
c:\myproject\game\client\x64\debug\playerhithud.obj
c:\myproject\game\client\x64\debug\eventobject.obj
c:\myproject\game\client\x64\debug\dungeonscene.obj
c:\myproject\game\client\x64\debug\changesceneeventobject.obj
c:\myproject\game\client\x64\debug\componentobject.obj
c:\myproject\game\client\x64\debug\scenechangeeventobject.obj
c:\myproject\game\client\x64\debug\possession.obj
c:\myproject\game\client\x64\debug\playerfunctionscript.obj
c:\myproject\game\client\x64\debug\inventoryui.obj
c:\myproject\game\client\x64\debug\mousepointerhud.obj
c:\myproject\game\client\x64\debug\infoui.obj
c:\myproject\game\client\x64\debug\iteminfoui.obj
c:\myproject\game\client\x64\debug\skulinfoui.obj
c:\myproject\game\client\x64\debug\darkabilinfoui.obj
c:\myproject\game\client\x64\debug\artifactinfoui.obj
c:\myproject\game\client\x64\debug\detailinfoui.obj
c:\myproject\game\client\x64\debug\item.obj
c:\myproject\game\client\x64\debug\demonswordkirion.obj
c:\myproject\game\client\x64\debug\sealedsword.obj
c:\myproject\game\client\x64\debug\forbiddensword.obj
c:\myproject\game\client\x64\debug\evilswordkirion.obj
c:\myproject\game\client\x64\debug\engrave.obj
c:\myproject\game\client\x64\debug\arms.obj
c:\myproject\game\client\x64\debug\rapidity.obj
c:\myproject\game\client\x64\debug\essence.obj
c:\myproject\game\client\x64\debug\essenceinfoui.obj
c:\myproject\game\client\x64\debug\wisp.obj
c:\myproject\game\client\x64\debug\lyweasel.obj
c:\myproject\game\client\x64\debug\objectfollowscript.obj
c:\myproject\game\client\x64\debug\shopscene.obj
c:\myproject\game\client\x64\debug\background.obj
c:\myproject\game\client\x64\debug\bgcamerascript.obj
c:\myproject\game\client\x64\debug\dungeon.obj
c:\myproject\game\client\x64\debug\citadeloffate.obj
c:\myproject\game\client\x64\debug\stage.obj
c:\myproject\game\client\x64\debug\blacklab.obj
c:\myproject\game\client\x64\debug\basecamp.obj
c:\myproject\game\client\x64\debug\dungeongate.obj
c:\myproject\game\client\x64\debug\client.pch
c:\myproject\game\client\x64\debug\pch.obj
c:\myproject\game\client\x64\debug\dungeonevent.obj
c:\myproject\game\client\x64\debug\conditionblock.obj
c:\myproject\game\client\x64\debug\monsterspawndungeonevent.obj
c:\myproject\game\client\x64\debug\ifalldeadmonsterindungeon.obj
c:\myproject\game\output\physxfoundation_64.dll
c:\myproject\game\output\physxcommon_64.dll
c:\myproject\game\output\physx_64.dll
c:\myproject\game\output\client.lib
c:\myproject\game\output\client.exp
c:\myproject\game\output\client.exe
c:\myproject\game\client\x64\debug\client.ilk
c:\myproject\game\output\client.pdb
c:\myproject\game\client\x64\debug\client.res
c:\myproject\game\client\x64\debug\playertrackingscript.obj.enc
c:\myproject\game\client\x64\debug\client.tlog\cl.command.1.tlog
c:\myproject\game\client\x64\debug\client.tlog\cl.read.1.tlog
c:\myproject\game\client\x64\debug\client.tlog\cl.write.1.tlog
c:\myproject\game\client\x64\debug\client.tlog\client.write.1u.tlog
c:\myproject\game\client\x64\debug\client.tlog\link-cvtres.read.1.tlog
c:\myproject\game\client\x64\debug\client.tlog\link-cvtres.write.1.tlog
c:\myproject\game\client\x64\debug\client.tlog\link-rc.read.1.tlog
c:\myproject\game\client\x64\debug\client.tlog\link-rc.write.1.tlog
c:\myproject\game\client\x64\debug\client.tlog\link.12072-cvtres.read.1.tlog
c:\myproject\game\client\x64\debug\client.tlog\link.12072-cvtres.write.1.tlog
c:\myproject\game\client\x64\debug\client.tlog\link.12072-rc.read.1.tlog
c:\myproject\game\client\x64\debug\client.tlog\link.12072-rc.write.1.tlog
c:\myproject\game\client\x64\debug\client.tlog\link.12072.read.1.tlog
c:\myproject\game\client\x64\debug\client.tlog\link.12072.read.2.tlog
c:\myproject\game\client\x64\debug\client.tlog\link.12072.write.1.tlog
c:\myproject\game\client\x64\debug\client.tlog\link.command.1.tlog
c:\myproject\game\client\x64\debug\client.tlog\link.read.1.tlog
c:\myproject\game\client\x64\debug\client.tlog\link.read.3.tlog
c:\myproject\game\client\x64\debug\client.tlog\link.write.1.tlog
c:\myproject\game\client\x64\debug\client.tlog\link.write.2u.tlog
c:\myproject\game\client\x64\debug\client.tlog\rc.command.1.tlog
c:\myproject\game\client\x64\debug\client.tlog\rc.read.1.tlog
c:\myproject\game\client\x64\debug\client.tlog\rc.write.1.tlog
