c:\myproject\game\output\engine.pdb
c:\myproject\game\output\engine.idb
c:\myproject\game\engine\x64\debug\filtershaders.obj
c:\myproject\game\engine\x64\debug\eventmanager.obj
c:\myproject\game\engine\x64\debug\event.obj
c:\myproject\game\engine\x64\debug\enginepch.obj
c:\myproject\game\engine\x64\debug\engine.obj
c:\myproject\game\engine\x64\debug\device.obj
c:\myproject\game\engine\x64\debug\debugrenderer.obj
c:\myproject\game\engine\x64\debug\context.obj
c:\myproject\game\engine\x64\debug\contactcallback.obj
c:\myproject\game\engine\x64\debug\constantbuffer.obj
c:\myproject\game\engine\x64\debug\component.obj
c:\myproject\game\engine\x64\debug\collider.obj
c:\myproject\game\engine\x64\debug\controller.obj
c:\myproject\game\engine\x64\debug\camera.obj
c:\myproject\game\engine\x64\debug\behaviortask.obj
c:\myproject\game\engine\x64\debug\behaviornode.obj
c:\myproject\game\engine\x64\debug\behaviorcondition.obj
c:\myproject\game\engine\x64\debug\behaviorcomposite.obj
c:\myproject\game\engine\x64\debug\animator.obj
c:\myproject\game\engine\x64\debug\animation.obj
c:\myproject\game\engine\x64\debug\resources.obj
c:\myproject\game\engine\x64\debug\reportcallback.obj
c:\myproject\game\engine\x64\debug\rendertargetgroup.obj
c:\myproject\game\engine\x64\debug\pxenvironmentsetting.obj
c:\myproject\game\engine\x64\debug\pxenvironment.obj
c:\myproject\game\engine\x64\debug\pxdispatcher.obj
c:\myproject\game\engine\x64\debug\playerchangestateevent.obj
c:\myproject\game\engine\x64\debug\physicsscene.obj
c:\myproject\game\engine\x64\debug\physicsproperties.obj
c:\myproject\game\engine\x64\debug\collisionmanager.obj
c:\myproject\game\engine\x64\debug\physics.obj
c:\myproject\game\engine\x64\debug\physical.obj
c:\myproject\game\engine\x64\debug\objectaddedtosceneevent.obj
c:\myproject\game\engine\x64\debug\object.obj
c:\myproject\game\engine\x64\debug\monobehaviour.obj
c:\myproject\game\engine\x64\debug\meshrenderer.obj
c:\myproject\game\engine\x64\debug\mesh.obj
c:\myproject\game\engine\x64\debug\material.obj
c:\myproject\game\engine\x64\debug\input.obj
c:\myproject\game\engine\x64\debug\gameobject.obj
c:\myproject\game\engine\x64\debug\utility.obj
c:\myproject\game\engine\x64\debug\uimanager.obj
c:\myproject\game\engine\x64\debug\transform.obj
c:\myproject\game\engine\x64\debug\timer.obj
c:\myproject\game\engine\x64\debug\texture.obj
c:\myproject\game\engine\x64\debug\swapchain.obj
c:\myproject\game\engine\x64\debug\simplemath.obj
c:\myproject\game\engine\x64\debug\shader.obj
c:\myproject\game\engine\x64\debug\sequence.obj
c:\myproject\game\engine\x64\debug\selector.obj
c:\myproject\game\engine\x64\debug\scenes.obj
c:\myproject\game\engine\x64\debug\scenechangeevent.obj
c:\myproject\game\engine\x64\debug\scene.obj
c:\myproject\game\engine\x64\debug\rigidbody.obj
c:\myproject\game\engine\x64\debug\movement.obj
c:\myproject\game\engine\x64\debug\unity_upalghvmki0awkvl.obj
c:\myproject\game\engine\x64\debug\cemetery.obj
c:\myproject\game\engine\x64\debug\time.obj
c:\myproject\game\engine\x64\debug\clock.obj
c:\myproject\game\engine\x64\debug\interfacemanager.obj
c:\myproject\game\engine\x64\debug\engine.pch
c:\myproject\game\engine\x64\debug\pch.obj
c:\myproject\game\engine\x64\debug\light.obj
c:\myproject\game\output\afterimage.cso
c:\myproject\game\output\compute.cso
c:\myproject\game\output\debug_geometry.cso
c:\myproject\game\output\effect.cso
c:\myproject\game\output\fade_in_out.cso
c:\myproject\game\output\forward.cso
c:\myproject\game\output\frame_divider.cso
c:\myproject\game\output\hp.cso
c:\myproject\game\output\params.cso
c:\myproject\game\output\preview.cso
c:\myproject\game\output\cooldown.cso
c:\myproject\game\output\deferred.cso
c:\myproject\game\output\final.cso
c:\myproject\game\output\lighting.cso
c:\myproject\game\output\utils.cso
c:\myproject\game\output\engine.lib
c:\myproject\game\engine\x64\debug\engine.tlog\cl.command.1.tlog
c:\myproject\game\engine\x64\debug\engine.tlog\cl.read.1.tlog
c:\myproject\game\engine\x64\debug\engine.tlog\cl.write.1.tlog
c:\myproject\game\engine\x64\debug\engine.tlog\fxc.command.1.tlog
c:\myproject\game\engine\x64\debug\engine.tlog\fxc.read.1.tlog
c:\myproject\game\engine\x64\debug\engine.tlog\fxc.write.1.tlog
c:\myproject\game\engine\x64\debug\engine.tlog\lib-link.read.1.tlog
c:\myproject\game\engine\x64\debug\engine.tlog\lib-link.write.1.tlog
c:\myproject\game\engine\x64\debug\engine.tlog\lib.command.1.tlog
