  pch.cpp
  Animation.cpp
  Animator.cpp
  BehaviorComposite.cpp
  BehaviorCondition.cpp
  BehaviorNode.cpp
  BehaviorTask.cpp
  Camera.cpp
  Cemetery.cpp
  Clock.cpp
  Collider.cpp
  CollisionManager.cpp
  Component.cpp
  ConstantBuffer.cpp
  ContactCallback.cpp
  Context.cpp
  Controller.cpp
  DebugRenderer.cpp
  Device.cpp
  Engine.cpp
  EnginePch.cpp
  코드를 생성하고 있습니다...
  컴파일하고 있습니다...
  Event.cpp
  EventManager.cpp
  FilterShaders.cpp
  GameObject.cpp
  Input.cpp
  Material.cpp
  Mesh.cpp
  MeshRenderer.cpp
  MonoBehaviour.cpp
  Movement.cpp
  Object.cpp
  ObjectAddedToSceneEvent.cpp
  Physical.cpp
  Physics.cpp
  PhysicsProperties.cpp
  PhysicsScene.cpp
  PlayerChangeStateEvent.cpp
  PxDispatcher.cpp
  PxEnvironment.cpp
  PxEnvironmentSetting.cpp
  코드를 생성하고 있습니다...
  컴파일하고 있습니다...
  RenderTargetGroup.cpp
  ReportCallback.cpp
  Resources.cpp
  RigidBody.cpp
  Scene.cpp
  SceneChangeEvent.cpp
  Scenes.cpp
  Selector.cpp
  Sequence.cpp
  Shader.cpp
  SimpleMath.cpp
  SwapChain.cpp
  Texture.cpp
  Transform.cpp
  UIManager.cpp
  Utility.cpp
  코드를 생성하고 있습니다...
  Engine.vcxproj -> C:\MyProject\Game\Output\Engine.lib
