  AnimationEditor.cpp
  Common.cpp
  GuiBase.cpp
  imgui.cpp
  ImGuiFileDialog.cpp
  imgui_demo.cpp
  imgui_draw.cpp
  imgui_impl_dx11.cpp
  imgui_impl_win32.cpp
  imgui_tables.cpp
  imgui_widgets.cpp
  MapEditor.cpp
  Animation.cpp
  AnimationState.cpp
  AnimationStateData.cpp
  Atlas.cpp
C:\MyProject\Game\Tool\spine\Atlas.cpp(195,21): warning C4244: '=': '__int64'에서 'int'(으)로 변환하면서 데이터가 손실될 수 있습니다.
C:\MyProject\Game\Tool\spine\Atlas.cpp(312,38): warning C4244: '=': 'int'에서 'float'(으)로 변환하면서 데이터가 손실될 수 있습니다.
C:\MyProject\Game\Tool\spine\Atlas.cpp(313,38): warning C4244: '=': 'int'에서 'float'(으)로 변환하면서 데이터가 손실될 수 있습니다.
C:\MyProject\Game\Tool\spine\Atlas.cpp(318,38): warning C4244: '=': 'int'에서 'float'(으)로 변환하면서 데이터가 손실될 수 있습니다.
C:\MyProject\Game\Tool\spine\Atlas.cpp(319,38): warning C4244: '=': 'int'에서 'float'(으)로 변환하면서 데이터가 손실될 수 있습니다.
C:\MyProject\Game\Tool\spine\Atlas.cpp(333,44): warning C4244: '인수': 'int'에서 'const T'(으)로 변환하면서 데이터가 손실될 수 있습니다.
          with
          [
              T=float
          ]
  AtlasAttachmentLoader.cpp
  Attachment.cpp
  AttachmentLoader.cpp
  AttachmentTimeline.cpp
  코드를 생성하고 있습니다...
  컴파일하고 있습니다...
  Bone.cpp
  BoneData.cpp
  BoundingBoxAttachment.cpp
  ClippingAttachment.cpp
  ColorTimeline.cpp
  ConstraintData.cpp
  CurveTimeline.cpp
C:\MyProject\Game\Tool\spine\CurveTimeline.cpp(58,42): warning C4244: '=': 'size_t'에서 'T'(으)로 변환하면서 데이터가 손실될 수 있습니다.
          with
          [
              T=float
          ]
C:\MyProject\Game\Tool\spine\CurveTimeline.cpp(59,13): warning C4244: '초기화 중': 'double'에서 'float'(으)로 변환하면서 데이터가 손실될 수 있습니다.
C:\MyProject\Game\Tool\spine\CurveTimeline.cpp(59,52): warning C4244: '초기화 중': 'double'에서 'float'(으)로 변환하면서 데이터가 손실될 수 있습니다.
C:\MyProject\Game\Tool\spine\CurveTimeline.cpp(60,13): warning C4244: '초기화 중': 'double'에서 'float'(으)로 변환하면서 데이터가 손실될 수 있습니다.
C:\MyProject\Game\Tool\spine\CurveTimeline.cpp(60,63): warning C4244: '초기화 중': 'double'에서 'float'(으)로 변환하면서 데이터가 손실될 수 있습니다.
C:\MyProject\Game\Tool\spine\CurveTimeline.cpp(62,11): warning C4244: '초기화 중': 'double'에서 'float'(으)로 변환하면서 데이터가 손실될 수 있습니다.
C:\MyProject\Game\Tool\spine\CurveTimeline.cpp(62,64): warning C4244: '초기화 중': 'double'에서 'float'(으)로 변환하면서 데이터가 손실될 수 있습니다.
  DeformTimeline.cpp
C:\MyProject\Game\Tool\spine\DeformTimeline.cpp(265,58): warning C4244: '=': 'size_t'에서 'T'(으)로 변환하면서 데이터가 손실될 수 있습니다.
          with
          [
              T=float
          ]
C:\MyProject\Game\Tool\spine\DeformTimeline.cpp(266,13): warning C4244: '초기화 중': 'double'에서 'float'(으)로 변환하면서 데이터가 손실될 수 있습니다.
C:\MyProject\Game\Tool\spine\DeformTimeline.cpp(266,52): warning C4244: '초기화 중': 'double'에서 'float'(으)로 변환하면서 데이터가 손실될 수 있습니다.
C:\MyProject\Game\Tool\spine\DeformTimeline.cpp(267,13): warning C4244: '초기화 중': 'double'에서 'float'(으)로 변환하면서 데이터가 손실될 수 있습니다.
C:\MyProject\Game\Tool\spine\DeformTimeline.cpp(267,63): warning C4244: '초기화 중': 'double'에서 'float'(으)로 변환하면서 데이터가 손실될 수 있습니다.
C:\MyProject\Game\Tool\spine\DeformTimeline.cpp(269,11): warning C4244: '초기화 중': 'double'에서 'float'(으)로 변환하면서 데이터가 손실될 수 있습니다.
C:\MyProject\Game\Tool\spine\DeformTimeline.cpp(269,64): warning C4244: '초기화 중': 'double'에서 'float'(으)로 변환하면서 데이터가 손실될 수 있습니다.
  DrawOrderTimeline.cpp
  Event.cpp
  EventData.cpp
  EventTimeline.cpp
  Extension.cpp
  IkConstraint.cpp
  IkConstraintData.cpp
  IkConstraintTimeline.cpp
C:\MyProject\Game\Tool\spine\IkConstraintTimeline.cpp(117,80): warning C4244: '=': 'T'에서 'int'(으)로 변환하면서 데이터가 손실될 수 있습니다.
          with
          [
              T=float
          ]
C:\MyProject\Game\Tool\spine\IkConstraintTimeline.cpp(125,80): warning C4244: '=': 'T'에서 'int'(으)로 변환하면서 데이터가 손실될 수 있습니다.
          with
          [
              T=float
          ]
C:\MyProject\Game\Tool\spine\IkConstraintTimeline.cpp(139,30): warning C4244: '=': 'int'에서 'T'(으)로 변환하면서 데이터가 손실될 수 있습니다.
          with
          [
              T=float
          ]
C:\MyProject\Game\Tool\spine\IkConstraintTimeline.cpp(140,29): warning C4244: '=': 'int'에서 'T'(으)로 변환하면서 데이터가 손실될 수 있습니다.
          with
          [
              T=float
          ]
  Json.cpp
  LinkedMesh.cpp
  Log.cpp
  MathUtil.cpp
  코드를 생성하고 있습니다...
  컴파일하고 있습니다...
  MeshAttachment.cpp
C:\MyProject\Game\Tool\spine\MeshAttachment.cpp(185,9): warning C4244: 'return': 'int'에서 'float'(으)로 변환하면서 데이터가 손실될 수 있습니다.
C:\MyProject\Game\Tool\spine\MeshAttachment.cpp(189,11): warning C4244: '=': 'float'에서 'int'(으)로 변환하면서 데이터가 손실될 수 있습니다.
C:\MyProject\Game\Tool\spine\MeshAttachment.cpp(193,9): warning C4244: 'return': 'int'에서 'float'(으)로 변환하면서 데이터가 손실될 수 있습니다.
C:\MyProject\Game\Tool\spine\MeshAttachment.cpp(197,12): warning C4244: '=': 'float'에서 'int'(으)로 변환하면서 데이터가 손실될 수 있습니다.
  PathAttachment.cpp
  PathConstraint.cpp
  PathConstraintData.cpp
  PathConstraintMixTimeline.cpp
  PathConstraintPositionTimeline.cpp
  PathConstraintSpacingTimeline.cpp
  PointAttachment.cpp
  RegionAttachment.cpp
  RotateTimeline.cpp
  RTTI.cpp
  ScaleTimeline.cpp
  Sequence.cpp
  SequenceTimeline.cpp
C:\MyProject\Game\Tool\spine\SequenceTimeline.cpp(60,30): warning C4244: '=': 'int'에서 'T'(으)로 변환하면서 데이터가 손실될 수 있습니다.
          with
          [
              T=float
          ]
  ShearTimeline.cpp
  Skeleton.cpp
  SkeletonBinary.cpp
C:\MyProject\Game\Tool\spine\SkeletonBinary.cpp(606,20): warning C4244: '=': 'float'에서 'int'(으)로 변환하면서 데이터가 손실될 수 있습니다.
C:\MyProject\Game\Tool\spine\SkeletonBinary.cpp(607,21): warning C4244: '=': 'float'에서 'int'(으)로 변환하면서 데이터가 손실될 수 있습니다.
C:\MyProject\Game\Tool\spine\SkeletonBinary.cpp(637,20): warning C4244: '=': 'float'에서 'int'(으)로 변환하면서 데이터가 손실될 수 있습니다.
C:\MyProject\Game\Tool\spine\SkeletonBinary.cpp(638,21): warning C4244: '=': 'float'에서 'int'(으)로 변환하면서 데이터가 손실될 수 있습니다.
C:\MyProject\Game\Tool\spine\SkeletonBinary.cpp(762,37): warning C4244: '인수': 'int'에서 'float'(으)로 변환하면서 데이터가 손실될 수 있습니다.
C:\MyProject\Game\Tool\spine\SkeletonBinary.cpp(839,14): warning C4244: '초기화 중': 'double'에서 'float'(으)로 변환하면서 데이터가 손실될 수 있습니다.
C:\MyProject\Game\Tool\spine\SkeletonBinary.cpp(840,14): warning C4244: '초기화 중': 'double'에서 'float'(으)로 변환하면서 데이터가 손실될 수 있습니다.
C:\MyProject\Game\Tool\spine\SkeletonBinary.cpp(841,14): warning C4244: '초기화 중': 'double'에서 'float'(으)로 변환하면서 데이터가 손실될 수 있습니다.
C:\MyProject\Game\Tool\spine\SkeletonBinary.cpp(842,14): warning C4244: '초기화 중': 'double'에서 'float'(으)로 변환하면서 데이터가 손실될 수 있습니다.
C:\MyProject\Game\Tool\spine\SkeletonBinary.cpp(849,16): warning C4244: '초기화 중': 'double'에서 'float'(으)로 변환하면서 데이터가 손실될 수 있습니다.
C:\MyProject\Game\Tool\spine\SkeletonBinary.cpp(850,16): warning C4244: '초기화 중': 'double'에서 'float'(으)로 변환하면서 데이터가 손실될 수 있습니다.
C:\MyProject\Game\Tool\spine\SkeletonBinary.cpp(851,16): warning C4244: '초기화 중': 'double'에서 'float'(으)로 변환하면서 데이터가 손실될 수 있습니다.
C:\MyProject\Game\Tool\spine\SkeletonBinary.cpp(852,16): warning C4244: '초기화 중': 'double'에서 'float'(으)로 변환하면서 데이터가 손실될 수 있습니다.
C:\MyProject\Game\Tool\spine\SkeletonBinary.cpp(878,14): warning C4244: '초기화 중': 'double'에서 'float'(으)로 변환하면서 데이터가 손실될 수 있습니다.
C:\MyProject\Game\Tool\spine\SkeletonBinary.cpp(879,14): warning C4244: '초기화 중': 'double'에서 'float'(으)로 변환하면서 데이터가 손실될 수 있습니다.
C:\MyProject\Game\Tool\spine\SkeletonBinary.cpp(880,14): warning C4244: '초기화 중': 'double'에서 'float'(으)로 변환하면서 데이터가 손실될 수 있습니다.
C:\MyProject\Game\Tool\spine\SkeletonBinary.cpp(887,16): warning C4244: '초기화 중': 'double'에서 'float'(으)로 변환하면서 데이터가 손실될 수 있습니다.
C:\MyProject\Game\Tool\spine\SkeletonBinary.cpp(888,16): warning C4244: '초기화 중': 'double'에서 'float'(으)로 변환하면서 데이터가 손실될 수 있습니다.
C:\MyProject\Game\Tool\spine\SkeletonBinary.cpp(889,16): warning C4244: '초기화 중': 'double'에서 'float'(으)로 변환하면서 데이터가 손실될 수 있습니다.
C:\MyProject\Game\Tool\spine\SkeletonBinary.cpp(913,14): warning C4244: '초기화 중': 'double'에서 'float'(으)로 변환하면서 데이터가 손실될 수 있습니다.
C:\MyProject\Game\Tool\spine\SkeletonBinary.cpp(914,14): warning C4244: '초기화 중': 'double'에서 'float'(으)로 변환하면서 데이터가 손실될 수 있습니다.
C:\MyProject\Game\Tool\spine\SkeletonBinary.cpp(915,14): warning C4244: '초기화 중': 'double'에서 'float'(으)로 변환하면서 데이터가 손실될 수 있습니다.
C:\MyProject\Game\Tool\spine\SkeletonBinary.cpp(916,14): warning C4244: '초기화 중': 'double'에서 'float'(으)로 변환하면서 데이터가 손실될 수 있습니다.
C:\MyProject\Game\Tool\spine\SkeletonBinary.cpp(917,15): warning C4244: '초기화 중': 'double'에서 'float'(으)로 변환하면서 데이터가 손실될 수 있습니다.
C:\MyProject\Game\Tool\spine\SkeletonBinary.cpp(918,15): warning C4244: '초기화 중': 'double'에서 'float'(으)로 변환하면서 데이터가 손실될 수 있습니다.
C:\MyProject\Game\Tool\spine\SkeletonBinary.cpp(919,15): warning C4244: '초기화 중': 'double'에서 'float'(으)로 변환하면서 데이터가 손실될 수 있습니다.
C:\MyProject\Game\Tool\spine\SkeletonBinary.cpp(925,16): warning C4244: '초기화 중': 'double'에서 'float'(으)로 변환하면서 데이터가 손실될 수 있습니다.
C:\MyProject\Game\Tool\spine\SkeletonBinary.cpp(926,16): warning C4244: '초기화 중': 'double'에서 'float'(으)로 변환하면서 데이터가 손실될 수 있습니다.
C:\MyProject\Game\Tool\spine\SkeletonBinary.cpp(927,16): warning C4244: '초기화 중': 'double'에서 'float'(으)로 변환하면서 데이터가 손실될 수 있습니다.
C:\MyProject\Game\Tool\spine\SkeletonBinary.cpp(928,16): warning C4244: '초기화 중': 'double'에서 'float'(으)로 변환하면서 데이터가 손실될 수 있습니다.
C:\MyProject\Game\Tool\spine\SkeletonBinary.cpp(929,17): warning C4244: '초기화 중': 'double'에서 'float'(으)로 변환하면서 데이터가 손실될 수 있습니다.
C:\MyProject\Game\Tool\spine\SkeletonBinary.cpp(930,17): warning C4244: '초기화 중': 'double'에서 'float'(으)로 변환하면서 데이터가 손실될 수 있습니다.
C:\MyProject\Game\Tool\spine\SkeletonBinary.cpp(931,17): warning C4244: '초기화 중': 'double'에서 'float'(으)로 변환하면서 데이터가 손실될 수 있습니다.
C:\MyProject\Game\Tool\spine\SkeletonBinary.cpp(963,14): warning C4244: '초기화 중': 'double'에서 'float'(으)로 변환하면서 데이터가 손실될 수 있습니다.
C:\MyProject\Game\Tool\spine\SkeletonBinary.cpp(964,14): warning C4244: '초기화 중': 'double'에서 'float'(으)로 변환하면서 데이터가 손실될 수 있습니다.
C:\MyProject\Game\Tool\spine\SkeletonBinary.cpp(965,14): warning C4244: '초기화 중': 'double'에서 'float'(으)로 변환하면서 데이터가 손실될 수 있습니다.
C:\MyProject\Game\Tool\spine\SkeletonBinary.cpp(966,15): warning C4244: '초기화 중': 'double'에서 'float'(으)로 변환하면서 데이터가 손실될 수 있습니다.
C:\MyProject\Game\Tool\spine\SkeletonBinary.cpp(967,15): warning C4244: '초기화 중': 'double'에서 'float'(으)로 변환하면서 데이터가 손실될 수 있습니다.
C:\MyProject\Game\Tool\spine\SkeletonBinary.cpp(968,15): warning C4244: '초기화 중': 'double'에서 'float'(으)로 변환하면서 데이터가 손실될 수 있습니다.
C:\MyProject\Game\Tool\spine\SkeletonBinary.cpp(974,16): warning C4244: '초기화 중': 'double'에서 'float'(으)로 변환하면서 데이터가 손실될 수 있습니다.
C:\MyProject\Game\Tool\spine\SkeletonBinary.cpp(975,16): warning C4244: '초기화 중': 'double'에서 'float'(으)로 변환하면서 데이터가 손실될 수 있습니다.
C:\MyProject\Game\Tool\spine\SkeletonBinary.cpp(976,16): warning C4244: '초기화 중': 'double'에서 'float'(으)로 변환하면서 데이터가 손실될 수 있습니다.
C:\MyProject\Game\Tool\spine\SkeletonBinary.cpp(977,17): warning C4244: '초기화 중': 'double'에서 'float'(으)로 변환하면서 데이터가 손실될 수 있습니다.
C:\MyProject\Game\Tool\spine\SkeletonBinary.cpp(978,17): warning C4244: '초기화 중': 'double'에서 'float'(으)로 변환하면서 데이터가 손실될 수 있습니다.
C:\MyProject\Game\Tool\spine\SkeletonBinary.cpp(979,17): warning C4244: '초기화 중': 'double'에서 'float'(으)로 변환하면서 데이터가 손실될 수 있습니다.
C:\MyProject\Game\Tool\spine\SkeletonBinary.cpp(1008,14): warning C4244: '초기화 중': 'double'에서 'float'(으)로 변환하면서 데이터가 손실될 수 있습니다.
C:\MyProject\Game\Tool\spine\SkeletonBinary.cpp(1013,16): warning C4244: '초기화 중': 'double'에서 'float'(으)로 변환하면서 데이터가 손실될 수 있습니다.
  SkeletonBounds.cpp
  SkeletonClipping.cpp
  SkeletonData.cpp
  코드를 생성하고 있습니다...
  컴파일하고 있습니다...
  SkeletonJson.cpp
C:\MyProject\Game\Tool\spine\SkeletonJson.cpp(597,67): warning C4244: '=': 'float'에서 'int'(으)로 변환하면서 데이터가 손실될 수 있습니다.
C:\MyProject\Game\Tool\spine\SkeletonJson.cpp(598,69): warning C4244: '=': 'float'에서 'int'(으)로 변환하면서 데이터가 손실될 수 있습니다.
C:\MyProject\Game\Tool\spine\SkeletonJson.cpp(798,37): warning C4244: '인수': 'int'에서 'float'(으)로 변환하면서 데이터가 손실될 수 있습니다.
  Skin.cpp
  Slot.cpp
  SlotData.cpp
  SpineObject.cpp
  TextureLoader.cpp
  Timeline.cpp
  TransformConstraint.cpp
  TransformConstraintData.cpp
  TransformConstraintTimeline.cpp
  TranslateTimeline.cpp
  Triangulator.cpp
  Updatable.cpp
  VertexAttachment.cpp
  Tool.cpp
  코드를 생성하고 있습니다...
  Tool.vcxproj -> C:\MyProject\Game\Output\Tool.lib
