c:\myproject\game\output\tool.pdb
c:\myproject\game\output\tool.idb
c:\myproject\game\tool\x64\debug\attachmenttimeline.obj
c:\myproject\game\tool\x64\debug\attachmentloader.obj
c:\myproject\game\tool\x64\debug\attachment.obj
c:\myproject\game\tool\x64\debug\atlasattachmentloader.obj
c:\myproject\game\tool\x64\debug\atlas.obj
c:\myproject\game\tool\x64\debug\animationstatedata.obj
c:\myproject\game\tool\x64\debug\animationstate.obj
c:\myproject\game\tool\x64\debug\animation.obj
c:\myproject\game\tool\x64\debug\mapeditor.obj
c:\myproject\game\tool\x64\debug\imgui_widgets.obj
c:\myproject\game\tool\x64\debug\imgui_tables.obj
c:\myproject\game\tool\x64\debug\imgui_impl_win32.obj
c:\myproject\game\tool\x64\debug\imgui_impl_dx11.obj
c:\myproject\game\tool\x64\debug\imgui_draw.obj
c:\myproject\game\tool\x64\debug\imgui_demo.obj
c:\myproject\game\tool\x64\debug\imguifiledialog.obj
c:\myproject\game\tool\x64\debug\imgui.obj
c:\myproject\game\tool\x64\debug\guibase.obj
c:\myproject\game\tool\x64\debug\common.obj
c:\myproject\game\tool\x64\debug\animationeditor.obj
c:\myproject\game\tool\x64\debug\mathutil.obj
c:\myproject\game\tool\x64\debug\log.obj
c:\myproject\game\tool\x64\debug\linkedmesh.obj
c:\myproject\game\tool\x64\debug\json.obj
c:\myproject\game\tool\x64\debug\ikconstrainttimeline.obj
c:\myproject\game\tool\x64\debug\ikconstraintdata.obj
c:\myproject\game\tool\x64\debug\ikconstraint.obj
c:\myproject\game\tool\x64\debug\extension.obj
c:\myproject\game\tool\x64\debug\eventtimeline.obj
c:\myproject\game\tool\x64\debug\eventdata.obj
c:\myproject\game\tool\x64\debug\event.obj
c:\myproject\game\tool\x64\debug\drawordertimeline.obj
c:\myproject\game\tool\x64\debug\deformtimeline.obj
c:\myproject\game\tool\x64\debug\curvetimeline.obj
c:\myproject\game\tool\x64\debug\constraintdata.obj
c:\myproject\game\tool\x64\debug\colortimeline.obj
c:\myproject\game\tool\x64\debug\clippingattachment.obj
c:\myproject\game\tool\x64\debug\boundingboxattachment.obj
c:\myproject\game\tool\x64\debug\bonedata.obj
c:\myproject\game\tool\x64\debug\bone.obj
c:\myproject\game\tool\x64\debug\skeletondata.obj
c:\myproject\game\tool\x64\debug\skeletonclipping.obj
c:\myproject\game\tool\x64\debug\skeletonbounds.obj
c:\myproject\game\tool\x64\debug\skeletonbinary.obj
c:\myproject\game\tool\x64\debug\skeleton.obj
c:\myproject\game\tool\x64\debug\sheartimeline.obj
c:\myproject\game\tool\x64\debug\sequencetimeline.obj
c:\myproject\game\tool\x64\debug\sequence.obj
c:\myproject\game\tool\x64\debug\scaletimeline.obj
c:\myproject\game\tool\x64\debug\rtti.obj
c:\myproject\game\tool\x64\debug\rotatetimeline.obj
c:\myproject\game\tool\x64\debug\regionattachment.obj
c:\myproject\game\tool\x64\debug\pointattachment.obj
c:\myproject\game\tool\x64\debug\pathconstraintspacingtimeline.obj
c:\myproject\game\tool\x64\debug\pathconstraintpositiontimeline.obj
c:\myproject\game\tool\x64\debug\pathconstraintmixtimeline.obj
c:\myproject\game\tool\x64\debug\pathconstraintdata.obj
c:\myproject\game\tool\x64\debug\pathconstraint.obj
c:\myproject\game\tool\x64\debug\pathattachment.obj
c:\myproject\game\tool\x64\debug\meshattachment.obj
c:\myproject\game\tool\x64\debug\tool.obj
c:\myproject\game\tool\x64\debug\vertexattachment.obj
c:\myproject\game\tool\x64\debug\updatable.obj
c:\myproject\game\tool\x64\debug\triangulator.obj
c:\myproject\game\tool\x64\debug\translatetimeline.obj
c:\myproject\game\tool\x64\debug\transformconstrainttimeline.obj
c:\myproject\game\tool\x64\debug\transformconstraintdata.obj
c:\myproject\game\tool\x64\debug\transformconstraint.obj
c:\myproject\game\tool\x64\debug\timeline.obj
c:\myproject\game\tool\x64\debug\textureloader.obj
c:\myproject\game\tool\x64\debug\spineobject.obj
c:\myproject\game\tool\x64\debug\slotdata.obj
c:\myproject\game\tool\x64\debug\slot.obj
c:\myproject\game\tool\x64\debug\skin.obj
c:\myproject\game\tool\x64\debug\skeletonjson.obj
c:\myproject\game\output\tool.lib
c:\myproject\game\tool\x64\debug\tool.tlog\cl.command.1.tlog
c:\myproject\game\tool\x64\debug\tool.tlog\cl.read.1.tlog
c:\myproject\game\tool\x64\debug\tool.tlog\cl.write.1.tlog
c:\myproject\game\tool\x64\debug\tool.tlog\lib-link.read.1.tlog
c:\myproject\game\tool\x64\debug\tool.tlog\lib-link.write.1.tlog
c:\myproject\game\tool\x64\debug\tool.tlog\lib.command.1.tlog
